[2024-10-06T03:57:40.782-0400][gc,heap] Heap region size: 1M
[2024-10-06T03:57:40.783-0400][gc     ] Using G1
[2024-10-06T03:57:40.783-0400][gc,heap,coops] Heap address: 0x0000000780000000, size: 1024 MB, Compressed Oops mode: Zero based, Oop shift amount: 3
[2024-10-06T03:57:41.105-0400][gc,start     ] GC(0) Pause Young (Normal) (G1 Evacuation Pause)
[2024-10-06T03:57:41.105-0400][gc,task      ] GC(0) Using 9 workers of 9 for evacuation
[2024-10-06T03:57:41.109-0400][gc,phases    ] GC(0)   Pre Evacuate Collection Set: 0.0ms
[2024-10-06T03:57:41.109-0400][gc,phases    ] GC(0)   Evacuate Collection Set: 3.1ms
[2024-10-06T03:57:41.109-0400][gc,phases    ] GC(0)   Post Evacuate Collection Set: 0.2ms
[2024-10-06T03:57:41.109-0400][gc,phases    ] GC(0)   Other: 0.3ms
[2024-10-06T03:57:41.109-0400][gc,heap      ] GC(0) Eden regions: 51->0(44)
[2024-10-06T03:57:41.109-0400][gc,heap      ] GC(0) Survivor regions: 0->7(7)
[2024-10-06T03:57:41.109-0400][gc,heap      ] GC(0) Old regions: 0->1
[2024-10-06T03:57:41.109-0400][gc,heap      ] GC(0) Archive regions: 0->0
[2024-10-06T03:57:41.109-0400][gc,heap      ] GC(0) Humongous regions: 0->0
[2024-10-06T03:57:41.109-0400][gc,metaspace ] GC(0) Metaspace: 20379K(20992K)->20379K(20992K) NonClass: 18035K(18432K)->18035K(18432K) Class: 2343K(2560K)->2343K(2560K)
[2024-10-06T03:57:41.109-0400][gc           ] GC(0) Pause Young (Normal) (G1 Evacuation Pause) 51M->7M(1024M) 3.725ms
[2024-10-06T03:57:41.109-0400][gc,cpu       ] GC(0) User=0.02s Sys=0.01s Real=0.00s
[2024-10-06T03:57:41.114-0400][gc,start     ] GC(1) Pause Young (Concurrent Start) (Metadata GC Threshold)
[2024-10-06T03:57:41.114-0400][gc,task      ] GC(1) Using 9 workers of 9 for evacuation
[2024-10-06T03:57:41.116-0400][gc,phases    ] GC(1)   Pre Evacuate Collection Set: 0.0ms
[2024-10-06T03:57:41.116-0400][gc,phases    ] GC(1)   Evacuate Collection Set: 1.6ms
[2024-10-06T03:57:41.116-0400][gc,phases    ] GC(1)   Post Evacuate Collection Set: 0.1ms
[2024-10-06T03:57:41.116-0400][gc,phases    ] GC(1)   Other: 0.1ms
[2024-10-06T03:57:41.116-0400][gc,heap      ] GC(1) Eden regions: 2->0(50)
[2024-10-06T03:57:41.116-0400][gc,heap      ] GC(1) Survivor regions: 7->1(7)
[2024-10-06T03:57:41.116-0400][gc,heap      ] GC(1) Old regions: 1->8
[2024-10-06T03:57:41.116-0400][gc,heap      ] GC(1) Archive regions: 0->0
[2024-10-06T03:57:41.116-0400][gc,heap      ] GC(1) Humongous regions: 0->0
[2024-10-06T03:57:41.116-0400][gc,metaspace ] GC(1) Metaspace: 20658K(21248K)->20658K(21248K) NonClass: 18291K(18688K)->18291K(18688K) Class: 2367K(2560K)->2367K(2560K)
[2024-10-06T03:57:41.116-0400][gc           ] GC(1) Pause Young (Concurrent Start) (Metadata GC Threshold) 9M->8M(1024M) 1.873ms
[2024-10-06T03:57:41.116-0400][gc,cpu       ] GC(1) User=0.02s Sys=0.00s Real=0.00s
[2024-10-06T03:57:41.116-0400][gc           ] GC(2) Concurrent Cycle
[2024-10-06T03:57:41.116-0400][gc,marking   ] GC(2) Concurrent Clear Claimed Marks
[2024-10-06T03:57:41.116-0400][gc,marking   ] GC(2) Concurrent Clear Claimed Marks 0.010ms
[2024-10-06T03:57:41.116-0400][gc,marking   ] GC(2) Concurrent Scan Root Regions
[2024-10-06T03:57:41.116-0400][gc,marking   ] GC(2) Concurrent Scan Root Regions 0.038ms
[2024-10-06T03:57:41.116-0400][gc,marking   ] GC(2) Concurrent Mark (0.339s)
[2024-10-06T03:57:41.116-0400][gc,marking   ] GC(2) Concurrent Mark From Roots
[2024-10-06T03:57:41.116-0400][gc,task      ] GC(2) Using 2 workers of 2 for marking
[2024-10-06T03:57:41.118-0400][gc,marking   ] GC(2) Concurrent Mark From Roots 1.694ms
[2024-10-06T03:57:41.118-0400][gc,marking   ] GC(2) Concurrent Preclean
[2024-10-06T03:57:41.118-0400][gc,marking   ] GC(2) Concurrent Preclean 0.018ms
[2024-10-06T03:57:41.118-0400][gc,marking   ] GC(2) Concurrent Mark (0.339s, 0.340s) 1.728ms
[2024-10-06T03:57:41.118-0400][gc,start     ] GC(2) Pause Remark
[2024-10-06T03:57:41.119-0400][gc,stringtable] GC(2) Cleaned string and symbol table, strings: 7745 processed, 0 removed, symbols: 68294 processed, 42 removed
[2024-10-06T03:57:41.119-0400][gc            ] GC(2) Pause Remark 8M->8M(1024M) 0.694ms
[2024-10-06T03:57:41.119-0400][gc,cpu        ] GC(2) User=0.01s Sys=0.00s Real=0.00s
[2024-10-06T03:57:41.119-0400][gc,marking    ] GC(2) Concurrent Rebuild Remembered Sets
[2024-10-06T03:57:41.120-0400][gc,marking    ] GC(2) Concurrent Rebuild Remembered Sets 1.308ms
[2024-10-06T03:57:41.120-0400][gc,start      ] GC(2) Pause Cleanup
[2024-10-06T03:57:41.120-0400][gc            ] GC(2) Pause Cleanup 9M->9M(1024M) 0.065ms
[2024-10-06T03:57:41.120-0400][gc,cpu        ] GC(2) User=0.00s Sys=0.00s Real=0.00s
[2024-10-06T03:57:41.120-0400][gc,marking    ] GC(2) Concurrent Cleanup for Next Mark
[2024-10-06T03:57:41.121-0400][gc,marking    ] GC(2) Concurrent Cleanup for Next Mark 0.896ms
[2024-10-06T03:57:41.121-0400][gc            ] GC(2) Concurrent Cycle 5.034ms
[2024-10-06T03:57:41.387-0400][gc,start      ] GC(3) Pause Young (Normal) (G1 Evacuation Pause)
[2024-10-06T03:57:41.387-0400][gc,task       ] GC(3) Using 9 workers of 9 for evacuation
[2024-10-06T03:57:41.388-0400][gc,phases     ] GC(3)   Pre Evacuate Collection Set: 0.0ms
[2024-10-06T03:57:41.388-0400][gc,phases     ] GC(3)   Evacuate Collection Set: 1.1ms
[2024-10-06T03:57:41.388-0400][gc,phases     ] GC(3)   Post Evacuate Collection Set: 0.1ms
[2024-10-06T03:57:41.388-0400][gc,phases     ] GC(3)   Other: 0.1ms
[2024-10-06T03:57:41.388-0400][gc,heap       ] GC(3) Eden regions: 50->0(49)
[2024-10-06T03:57:41.388-0400][gc,heap       ] GC(3) Survivor regions: 1->2(7)
[2024-10-06T03:57:41.388-0400][gc,heap       ] GC(3) Old regions: 8->8
[2024-10-06T03:57:41.388-0400][gc,heap       ] GC(3) Archive regions: 0->0
[2024-10-06T03:57:41.388-0400][gc,heap       ] GC(3) Humongous regions: 0->0
[2024-10-06T03:57:41.388-0400][gc,metaspace  ] GC(3) Metaspace: 29449K(30336K)->29449K(30336K) NonClass: 25935K(26368K)->25935K(26368K) Class: 3513K(3968K)->3513K(3968K)
[2024-10-06T03:57:41.388-0400][gc            ] GC(3) Pause Young (Normal) (G1 Evacuation Pause) 58M->9M(1024M) 1.274ms
[2024-10-06T03:57:41.388-0400][gc,cpu        ] GC(3) User=0.01s Sys=0.00s Real=0.00s
[2024-10-06T03:57:41.742-0400][gc,start      ] GC(4) Pause Young (Concurrent Start) (Metadata GC Threshold)
[2024-10-06T03:57:41.742-0400][gc,task       ] GC(4) Using 9 workers of 9 for evacuation
[2024-10-06T03:57:41.744-0400][gc,phases     ] GC(4)   Pre Evacuate Collection Set: 0.1ms
[2024-10-06T03:57:41.744-0400][gc,phases     ] GC(4)   Evacuate Collection Set: 1.2ms
[2024-10-06T03:57:41.744-0400][gc,phases     ] GC(4)   Post Evacuate Collection Set: 0.1ms
[2024-10-06T03:57:41.744-0400][gc,phases     ] GC(4)   Other: 0.2ms
[2024-10-06T03:57:41.744-0400][gc,heap       ] GC(4) Eden regions: 43->0(47)
[2024-10-06T03:57:41.744-0400][gc,heap       ] GC(4) Survivor regions: 2->4(7)
[2024-10-06T03:57:41.744-0400][gc,heap       ] GC(4) Old regions: 8->8
[2024-10-06T03:57:41.744-0400][gc,heap       ] GC(4) Archive regions: 0->0
[2024-10-06T03:57:41.744-0400][gc,heap       ] GC(4) Humongous regions: 129->129
[2024-10-06T03:57:41.744-0400][gc,metaspace  ] GC(4) Metaspace: 34686K(35584K)->34686K(35584K) NonClass: 30747K(31232K)->30747K(31232K) Class: 3938K(4352K)->3938K(4352K)
[2024-10-06T03:57:41.744-0400][gc            ] GC(4) Pause Young (Concurrent Start) (Metadata GC Threshold) 180M->140M(1024M) 1.622ms
[2024-10-06T03:57:41.744-0400][gc,cpu        ] GC(4) User=0.01s Sys=0.00s Real=0.00s
[2024-10-06T03:57:41.744-0400][gc            ] GC(5) Concurrent Cycle
[2024-10-06T03:57:41.744-0400][gc,marking    ] GC(5) Concurrent Clear Claimed Marks
[2024-10-06T03:57:41.744-0400][gc,marking    ] GC(5) Concurrent Clear Claimed Marks 0.019ms
[2024-10-06T03:57:41.744-0400][gc,marking    ] GC(5) Concurrent Scan Root Regions
[2024-10-06T03:57:41.744-0400][gc,marking    ] GC(5) Concurrent Scan Root Regions 0.641ms
[2024-10-06T03:57:41.744-0400][gc,marking    ] GC(5) Concurrent Mark (0.967s)
[2024-10-06T03:57:41.744-0400][gc,marking    ] GC(5) Concurrent Mark From Roots
[2024-10-06T03:57:41.744-0400][gc,task       ] GC(5) Using 2 workers of 2 for marking
[2024-10-06T03:57:41.746-0400][gc,marking    ] GC(5) Concurrent Mark From Roots 1.724ms
[2024-10-06T03:57:41.746-0400][gc,marking    ] GC(5) Concurrent Preclean
[2024-10-06T03:57:41.746-0400][gc,marking    ] GC(5) Concurrent Preclean 0.030ms
[2024-10-06T03:57:41.746-0400][gc,marking    ] GC(5) Concurrent Mark (0.967s, 0.968s) 1.766ms
[2024-10-06T03:57:41.746-0400][gc,start      ] GC(5) Pause Remark
[2024-10-06T03:57:41.747-0400][gc,stringtable] GC(5) Cleaned string and symbol table, strings: 11594 processed, 10 removed, symbols: 101607 processed, 19 removed
[2024-10-06T03:57:41.747-0400][gc            ] GC(5) Pause Remark 141M->141M(1024M) 0.907ms
[2024-10-06T03:57:41.747-0400][gc,cpu        ] GC(5) User=0.01s Sys=0.00s Real=0.00s
[2024-10-06T03:57:41.747-0400][gc,marking    ] GC(5) Concurrent Rebuild Remembered Sets
[2024-10-06T03:57:41.748-0400][gc,marking    ] GC(5) Concurrent Rebuild Remembered Sets 1.230ms
[2024-10-06T03:57:41.749-0400][gc,start      ] GC(5) Pause Cleanup
[2024-10-06T03:57:41.749-0400][gc            ] GC(5) Pause Cleanup 141M->141M(1024M) 0.048ms
[2024-10-06T03:57:41.749-0400][gc,cpu        ] GC(5) User=0.00s Sys=0.00s Real=0.00s
[2024-10-06T03:57:41.749-0400][gc,marking    ] GC(5) Concurrent Cleanup for Next Mark
[2024-10-06T03:57:41.749-0400][gc,marking    ] GC(5) Concurrent Cleanup for Next Mark 0.883ms
[2024-10-06T03:57:41.749-0400][gc            ] GC(5) Concurrent Cycle 5.777ms
[2024-10-06T03:57:42.181-0400][gc,heap,exit  ] Heap
[2024-10-06T03:57:42.181-0400][gc,heap,exit  ]  garbage-first heap   total 1048576K, used 189582K [0x0000000780000000, 0x00000007c0000000)
[2024-10-06T03:57:42.181-0400][gc,heap,exit  ]   region size 1024K, 50 young (51200K), 4 survivors (4096K)
[2024-10-06T03:57:42.181-0400][gc,heap,exit  ]  Metaspace       used 40455K, capacity 41855K, committed 42096K, reserved 1085440K
[2024-10-06T03:57:42.181-0400][gc,heap,exit  ]   class space    used 4751K, capacity 5383K, committed 5488K, reserved 1048576K
